#
# There is insufficient memory for the Java Runtime Environment to continue.
# Native memory allocation (malloc) failed to allocate 1775536 bytes for Chunk::new
# Possible reasons:
#   The system is out of physical RAM or swap space
#   The process is running with CompressedOops enabled, and the Java Heap may be blocking the growth of the native heap
# Possible solutions:
#   Reduce memory load on the system
#   Increase physical memory or swap space
#   Check if swap backing store is full
#   Decrease Java heap size (-Xmx/-Xms)
#   Decrease number of Java threads
#   Decrease Java thread stack sizes (-Xss)
#   Set larger code cache with -XX:ReservedCodeCacheSize=
#   JVM is running with Unscaled Compressed Oops mode in which the Java heap is
#     placed in the first 4GB address space. The Java Heap base address is the
#     maximum limit for the native heap growth. Please use -XX:HeapBaseMinAddress
#     to set the Java Heap base and to place the Java Heap above 4GB virtual address.
# This output file may be truncated or incomplete.
#
#  Out of Memory Error (arena.cpp:168), pid=5148, tid=7040
#
# JRE version: Java(TM) SE Runtime Environment (21.0.4+8) (build 21.0.4+8-LTS-274)
# Java VM: Java HotSpot(TM) 64-Bit Server VM (21.0.4+8-LTS-274, mixed mode, sharing, tiered, compressed oops, compressed class ptrs, g1 gc, windows-amd64)
# No core dump will be written. Minidumps are not enabled by default on client versions of Windows
#

---------------  S U M M A R Y ------------

Command Line: -javaagent:C:\Program Files\JetBrains\IntelliJ IDEA Community Edition 2024.2.3\lib\idea_rt.jar=59226:C:\Program Files\JetBrains\IntelliJ IDEA Community Edition 2024.2.3\bin -Dfile.encoding=UTF-8 -Dsun.stdout.encoding=UTF-8 -Dsun.stderr.encoding=UTF-8 com.proyecto.backend.BackendApplication

Host: Intel(R) Celeron(R) CPU  N2840  @ 2.16GHz, 2 cores, 7G,  Windows 11 , 64 bit Build 22000 (10.0.22000.708)
Time: Fri Nov 14 21:35:22 2025 Hora estándar de Argentina elapsed time: 336.636726 seconds (0d 0h 5m 36s)

---------------  T H R E A D  ---------------

Current thread (0x0000020d346574c0):  JavaThread "C2 CompilerThread0" daemon [_thread_in_native, id=7040, stack(0x00000076fb400000,0x00000076fb500000) (1024K)]


Current CompileTask:
C2: 336636 12023       4       org.springframework.transaction.interceptor.AbstractFallbackTransactionAttributeSource::getTransactionAttribute (176 bytes)

Stack: [0x00000076fb400000,0x00000076fb500000]
Native frames: (J=compiled Java code, j=interpreted, Vv=VM code, C=native code)
V  [jvm.dll+0x6c8e59]
V  [jvm.dll+0x853181]
V  [jvm.dll+0x8556ae]
V  [jvm.dll+0x855d83]
V  [jvm.dll+0x27d526]
V  [jvm.dll+0xc4aad]
V  [jvm.dll+0xc4fe3]
V  [jvm.dll+0x3b3fd2]
V  [jvm.dll+0x3809a5]
V  [jvm.dll+0x37fe1a]
V  [jvm.dll+0x246280]
V  [jvm.dll+0x24585f]
V  [jvm.dll+0x1c69de]
V  [jvm.dll+0x254d49]
V  [jvm.dll+0x2532da]
V  [jvm.dll+0x3ed426]
V  [jvm.dll+0x7fd65b]
V  [jvm.dll+0x6c753d]
C  [ucrtbase.dll+0x26c0c]
C  [KERNEL32.DLL+0x154e0]
C  [ntdll.dll+0x485b]


---------------  P R O C E S S  ---------------

Threads class SMR info:
_java_thread_list=0x0000020d7e5cf1e0, length=31, elements={
0x0000020d3464e1d0, 0x0000020d3464fda0, 0x0000020d34650800, 0x0000020d34651260,
0x0000020d34651cc0, 0x0000020d34652720, 0x0000020d346574c0, 0x0000020d346bbf90,
0x0000020d34619760, 0x0000020d349a0d60, 0x0000020d348ea280, 0x0000020d7a201520,
0x0000020d7c50ac70, 0x0000020d7c268880, 0x0000020d7c7e46c0, 0x0000020d7cd85d00,
0x0000020d7cd86390, 0x0000020d7cd88460, 0x0000020d7cd87740, 0x0000020d7cd870b0,
0x0000020d7cd84fe0, 0x0000020d7cd85670, 0x0000020d7cd86a20, 0x0000020d7cd87dd0,
0x0000020d7bc09b80, 0x0000020d7bc07420, 0x0000020d7bc087d0, 0x0000020d7bc04cc0,
0x0000020d7bc0a210, 0x0000020d7bc0a8a0, 0x0000020d7bc0b5c0
}

Java Threads: ( => current thread )
  0x0000020d3464e1d0 JavaThread "Reference Handler"          daemon [_thread_blocked, id=6060, stack(0x00000076fae00000,0x00000076faf00000) (1024K)]
  0x0000020d3464fda0 JavaThread "Finalizer"                  daemon [_thread_blocked, id=2764, stack(0x00000076faf00000,0x00000076fb000000) (1024K)]
  0x0000020d34650800 JavaThread "Signal Dispatcher"          daemon [_thread_blocked, id=2020, stack(0x00000076fb000000,0x00000076fb100000) (1024K)]
  0x0000020d34651260 JavaThread "Attach Listener"            daemon [_thread_blocked, id=7424, stack(0x00000076fb100000,0x00000076fb200000) (1024K)]
  0x0000020d34651cc0 JavaThread "Service Thread"             daemon [_thread_blocked, id=396, stack(0x00000076fb200000,0x00000076fb300000) (1024K)]
  0x0000020d34652720 JavaThread "Monitor Deflation Thread"   daemon [_thread_blocked, id=7268, stack(0x00000076fb300000,0x00000076fb400000) (1024K)]
=>0x0000020d346574c0 JavaThread "C2 CompilerThread0"         daemon [_thread_in_native, id=7040, stack(0x00000076fb400000,0x00000076fb500000) (1024K)]
  0x0000020d346bbf90 JavaThread "C1 CompilerThread0"         daemon [_thread_blocked, id=9052, stack(0x00000076fb500000,0x00000076fb600000) (1024K)]
  0x0000020d34619760 JavaThread "Common-Cleaner"             daemon [_thread_blocked, id=4920, stack(0x00000076fb600000,0x00000076fb700000) (1024K)]
  0x0000020d349a0d60 JavaThread "Monitor Ctrl-Break"         daemon [_thread_in_native, id=4136, stack(0x00000076fb800000,0x00000076fb900000) (1024K)]
  0x0000020d348ea280 JavaThread "Notification Thread"        daemon [_thread_blocked, id=1004, stack(0x00000076fb900000,0x00000076fba00000) (1024K)]
  0x0000020d7a201520 JavaThread "MVStore background writer C:/Users/Exo/Desktop/Proyecto-Final/Backend/data/demo.mv.db" daemon [_thread_blocked, id=352, stack(0x00000076fba00000,0x00000076fbb00000) (1024K)]
  0x0000020d7c50ac70 JavaThread "HikariPool-1:housekeeper"   daemon [_thread_blocked, id=5496, stack(0x00000076fbb00000,0x00000076fbc00000) (1024K)]
  0x0000020d7c268880 JavaThread "H2-serialization"           daemon [_thread_blocked, id=852, stack(0x00000076fbd00000,0x00000076fbe00000) (1024K)]
  0x0000020d7c7e46c0 JavaThread "H2-save"                    daemon [_thread_blocked, id=7308, stack(0x00000076fbe00000,0x00000076fbf00000) (1024K)]
  0x0000020d7cd85d00 JavaThread "Catalina-utility-1"                [_thread_blocked, id=8740, stack(0x00000076fbc00000,0x00000076fbd00000) (1024K)]
  0x0000020d7cd86390 JavaThread "Catalina-utility-2"                [_thread_blocked, id=8748, stack(0x00000076fbf00000,0x00000076fc000000) (1024K)]
  0x0000020d7cd88460 JavaThread "container-0"                       [_thread_blocked, id=760, stack(0x00000076fc000000,0x00000076fc100000) (1024K)]
  0x0000020d7cd87740 JavaThread "http-nio-8080-exec-1"       daemon [_thread_blocked, id=4952, stack(0x00000076fc100000,0x00000076fc200000) (1024K)]
  0x0000020d7cd870b0 JavaThread "http-nio-8080-exec-2"       daemon [_thread_blocked, id=8416, stack(0x00000076fc200000,0x00000076fc300000) (1024K)]
  0x0000020d7cd84fe0 JavaThread "http-nio-8080-exec-3"       daemon [_thread_blocked, id=7488, stack(0x00000076fc300000,0x00000076fc400000) (1024K)]
  0x0000020d7cd85670 JavaThread "http-nio-8080-exec-4"       daemon [_thread_blocked, id=7044, stack(0x00000076fc400000,0x00000076fc500000) (1024K)]
  0x0000020d7cd86a20 JavaThread "http-nio-8080-exec-5"       daemon [_thread_blocked, id=492, stack(0x00000076fc500000,0x00000076fc600000) (1024K)]
  0x0000020d7cd87dd0 JavaThread "http-nio-8080-exec-6"       daemon [_thread_blocked, id=6928, stack(0x00000076fc600000,0x00000076fc700000) (1024K)]
  0x0000020d7bc09b80 JavaThread "http-nio-8080-exec-7"       daemon [_thread_in_native, id=2524, stack(0x00000076fc700000,0x00000076fc800000) (1024K)]
  0x0000020d7bc07420 JavaThread "http-nio-8080-exec-8"       daemon [_thread_blocked, id=2204, stack(0x00000076fc800000,0x00000076fc900000) (1024K)]
  0x0000020d7bc087d0 JavaThread "http-nio-8080-exec-9"       daemon [_thread_blocked, id=4160, stack(0x00000076fc900000,0x00000076fca00000) (1024K)]
  0x0000020d7bc04cc0 JavaThread "http-nio-8080-exec-10"      daemon [_thread_blocked, id=8168, stack(0x00000076fca00000,0x00000076fcb00000) (1024K)]
  0x0000020d7bc0a210 JavaThread "http-nio-8080-Poller"       daemon [_thread_in_native, id=7668, stack(0x00000076fcb00000,0x00000076fcc00000) (1024K)]
  0x0000020d7bc0a8a0 JavaThread "http-nio-8080-Acceptor"     daemon [_thread_in_native, id=2560, stack(0x00000076fcc00000,0x00000076fcd00000) (1024K)]
  0x0000020d7bc0b5c0 JavaThread "DestroyJavaVM"                     [_thread_blocked, id=6804, stack(0x00000076fa600000,0x00000076fa700000) (1024K)]
Total: 31

Other Threads:
  0x0000020d3462db00 VMThread "VM Thread"                           [id=6968, stack(0x00000076fad00000,0x00000076fae00000) (1024K)]
  0x0000020d34618b80 WatcherThread "VM Periodic Task Thread"        [id=2928, stack(0x00000076fac00000,0x00000076fad00000) (1024K)]
  0x0000020d18903b50 WorkerThread "GC Thread#0"                     [id=228, stack(0x00000076fa700000,0x00000076fa800000) (1024K)]
  0x0000020d349a0540 WorkerThread "GC Thread#1"                     [id=4744, stack(0x00000076fb700000,0x00000076fb800000) (1024K)]
  0x0000020d18914960 ConcurrentGCThread "G1 Main Marker"            [id=4840, stack(0x00000076fa800000,0x00000076fa900000) (1024K)]
  0x0000020d18917010 WorkerThread "G1 Conc#0"                       [id=7432, stack(0x00000076fa900000,0x00000076faa00000) (1024K)]
  0x0000020d344e24b0 ConcurrentGCThread "G1 Refine#0"               [id=5852, stack(0x00000076faa00000,0x00000076fab00000) (1024K)]
  0x0000020d18977640 ConcurrentGCThread "G1 Service"                [id=8388, stack(0x00000076fab00000,0x00000076fac00000) (1024K)]
Total: 8

Threads with active compile tasks:
C2 CompilerThread0   336706 12023       4       org.springframework.transaction.interceptor.AbstractFallbackTransactionAttributeSource::getTransactionAttribute (176 bytes)
Total: 1

VM state: not at safepoint (normal execution)

VM Mutex/Monitor currently owned by a thread: None

Heap address: 0x0000000081c00000, size: 2020 MB, Compressed Oops mode: 32-bit

CDS archive(s) mapped at: [0x0000020d35000000-0x0000020d35c90000-0x0000020d35c90000), size 13172736, SharedBaseAddress: 0x0000020d35000000, ArchiveRelocationMode: 1.
Compressed class space mapped at: 0x0000020d36000000-0x0000020d76000000, reserved size: 1073741824
Narrow klass base: 0x0000020d35000000, Narrow klass shift: 0, Narrow klass range: 0x100000000

GC Precious Log:
 CardTable entry size: 512
 Card Set container configuration: InlinePtr #cards 5 size 8 Array Of Cards #cards 12 size 40 Howl #buckets 4 coarsen threshold 1843 Howl Bitmap #cards 512 size 80 coarsen threshold 460 Card regions per heap region 1 cards per card region 2048
 CPUs: 2 total, 2 available
 Memory: 8073M
 Large Page Support: Disabled
 NUMA Support: Disabled
 Compressed Oops: Enabled (32-bit)
 Heap Region Size: 1M
 Heap Min Capacity: 8M
 Heap Initial Capacity: 128M
 Heap Max Capacity: 2020M
 Pre-touch: Disabled
 Parallel Workers: 2
 Concurrent Workers: 1
 Concurrent Refinement Workers: 2
 Periodic GC: Disabled

Heap:
 garbage-first heap   total 73728K, used 39004K [0x0000000081c00000, 0x0000000100000000)
  region size 1024K, 3 young (3072K), 1 survivors (1024K)
 Metaspace       used 83341K, committed 84160K, reserved 1179648K
  class space    used 10914K, committed 11328K, reserved 1048576K

Heap Regions: E=young(eden), S=young(survivor), O=old, HS=humongous(starts), HC=humongous(continues), CS=collection set, F=free, TAMS=top-at-mark-start, PB=parsable bottom
|   0|0x0000000081c00000, 0x0000000081d00000, 0x0000000081d00000|100%|HS|  |TAMS 0x0000000081c00000| PB 0x0000000081c00000| Complete 
|   1|0x0000000081d00000, 0x0000000081e00000, 0x0000000081e00000|100%|HS|  |TAMS 0x0000000081d00000| PB 0x0000000081d00000| Complete 
|   2|0x0000000081e00000, 0x0000000081f00000, 0x0000000081f00000|100%| O|  |TAMS 0x0000000081e00000| PB 0x0000000081e00000| Untracked 
|   3|0x0000000081f00000, 0x0000000082000000, 0x0000000082000000|100%| O|  |TAMS 0x0000000081f00000| PB 0x0000000081f00000| Untracked 
|   4|0x0000000082000000, 0x0000000082100000, 0x0000000082100000|100%| O|  |TAMS 0x0000000082000000| PB 0x0000000082000000| Untracked 
|   5|0x0000000082100000, 0x0000000082200000, 0x0000000082200000|100%| O|  |TAMS 0x0000000082100000| PB 0x0000000082100000| Untracked 
|   6|0x0000000082200000, 0x0000000082300000, 0x0000000082300000|100%| O|  |TAMS 0x0000000082200000| PB 0x0000000082200000| Untracked 
|   7|0x0000000082300000, 0x0000000082400000, 0x0000000082400000|100%| O|  |TAMS 0x0000000082300000| PB 0x0000000082300000| Untracked 
|   8|0x0000000082400000, 0x0000000082500000, 0x0000000082500000|100%| O|  |TAMS 0x0000000082400000| PB 0x0000000082400000| Untracked 
|   9|0x0000000082500000, 0x0000000082600000, 0x0000000082600000|100%| O|  |TAMS 0x0000000082500000| PB 0x0000000082500000| Untracked 
|  10|0x0000000082600000, 0x0000000082700000, 0x0000000082700000|100%| O|  |TAMS 0x0000000082600000| PB 0x0000000082600000| Untracked 
|  11|0x0000000082700000, 0x0000000082800000, 0x0000000082800000|100%| O|  |TAMS 0x0000000082700000| PB 0x0000000082700000| Untracked 
|  12|0x0000000082800000, 0x0000000082900000, 0x0000000082900000|100%| O|  |TAMS 0x0000000082800000| PB 0x0000000082800000| Untracked 
|  13|0x0000000082900000, 0x0000000082a00000, 0x0000000082a00000|100%| O|  |TAMS 0x0000000082900000| PB 0x0000000082900000| Untracked 
|  14|0x0000000082a00000, 0x0000000082b00000, 0x0000000082b00000|100%| O|  |TAMS 0x0000000082a00000| PB 0x0000000082a00000| Untracked 
|  15|0x0000000082b00000, 0x0000000082c00000, 0x0000000082c00000|100%| O|  |TAMS 0x0000000082b00000| PB 0x0000000082b00000| Untracked 
|  16|0x0000000082c00000, 0x0000000082d00000, 0x0000000082d00000|100%| O|  |TAMS 0x0000000082c00000| PB 0x0000000082c00000| Untracked 
|  17|0x0000000082d00000, 0x0000000082e00000, 0x0000000082e00000|100%| O|  |TAMS 0x0000000082d00000| PB 0x0000000082d00000| Untracked 
|  18|0x0000000082e00000, 0x0000000082f00000, 0x0000000082f00000|100%| O|Cm|TAMS 0x0000000082e00000| PB 0x0000000082e00000| Complete 
|  19|0x0000000082f00000, 0x0000000083000000, 0x0000000083000000|100%|HS|  |TAMS 0x0000000082f00000| PB 0x0000000082f00000| Complete 
|  20|0x0000000083000000, 0x0000000083100000, 0x0000000083100000|100%|HC|  |TAMS 0x0000000083000000| PB 0x0000000083000000| Complete 
|  21|0x0000000083100000, 0x0000000083200000, 0x0000000083200000|100%| O|  |TAMS 0x0000000083100000| PB 0x0000000083100000| Untracked 
|  22|0x0000000083200000, 0x0000000083300000, 0x0000000083300000|100%| O|  |TAMS 0x0000000083200000| PB 0x0000000083200000| Untracked 
|  23|0x0000000083300000, 0x0000000083400000, 0x0000000083400000|100%| O|  |TAMS 0x0000000083300000| PB 0x0000000083300000| Untracked 
|  24|0x0000000083400000, 0x0000000083500000, 0x0000000083500000|100%| O|  |TAMS 0x0000000083400000| PB 0x0000000083400000| Untracked 
|  25|0x0000000083500000, 0x0000000083500000, 0x0000000083600000|  0%| F|  |TAMS 0x0000000083500000| PB 0x0000000083500000| Untracked 
|  26|0x0000000083600000, 0x0000000083700000, 0x0000000083700000|100%| O|  |TAMS 0x0000000083600000| PB 0x0000000083600000| Untracked 
|  27|0x0000000083700000, 0x0000000083800000, 0x0000000083800000|100%| O|  |TAMS 0x0000000083700000| PB 0x0000000083700000| Untracked 
|  28|0x0000000083800000, 0x0000000083800000, 0x0000000083900000|  0%| F|  |TAMS 0x0000000083800000| PB 0x0000000083800000| Untracked 
|  29|0x0000000083900000, 0x0000000083a00000, 0x0000000083a00000|100%| O|  |TAMS 0x0000000083900000| PB 0x0000000083900000| Untracked 
|  30|0x0000000083a00000, 0x0000000083b00000, 0x0000000083b00000|100%| O|  |TAMS 0x0000000083a00000| PB 0x0000000083a00000| Untracked 
|  31|0x0000000083b00000, 0x0000000083c00000, 0x0000000083c00000|100%| O|  |TAMS 0x0000000083b00000| PB 0x0000000083b00000| Untracked 
|  32|0x0000000083c00000, 0x0000000083d00000, 0x0000000083d00000|100%| O|  |TAMS 0x0000000083c00000| PB 0x0000000083c00000| Untracked 
|  33|0x0000000083d00000, 0x0000000083e00000, 0x0000000083e00000|100%| O|  |TAMS 0x0000000083d00000| PB 0x0000000083d00000| Untracked 
|  34|0x0000000083e00000, 0x0000000083f00000, 0x0000000083f00000|100%| O|  |TAMS 0x0000000083e00000| PB 0x0000000083e00000| Untracked 
|  35|0x0000000083f00000, 0x0000000084000000, 0x0000000084000000|100%| O|Cm|TAMS 0x0000000083f00000| PB 0x0000000083f00000| Complete 
|  36|0x0000000084000000, 0x0000000084100000, 0x0000000084100000|100%| O|  |TAMS 0x0000000084000000| PB 0x0000000084000000| Untracked 
|  37|0x0000000084100000, 0x0000000084200000, 0x0000000084200000|100%| O|  |TAMS 0x0000000084100000| PB 0x0000000084100000| Untracked 
|  38|0x0000000084200000, 0x0000000084262660, 0x0000000084300000| 38%| O|  |TAMS 0x0000000084200000| PB 0x0000000084200000| Untracked 
|  39|0x0000000084300000, 0x0000000084300000, 0x0000000084400000|  0%| F|  |TAMS 0x0000000084300000| PB 0x0000000084300000| Untracked 
|  40|0x0000000084400000, 0x0000000084400000, 0x0000000084500000|  0%| F|  |TAMS 0x0000000084400000| PB 0x0000000084400000| Untracked 
|  41|0x0000000084500000, 0x0000000084500000, 0x0000000084600000|  0%| F|  |TAMS 0x0000000084500000| PB 0x0000000084500000| Untracked 
|  42|0x0000000084600000, 0x00000000846b4d70, 0x0000000084700000| 70%| S|CS|TAMS 0x0000000084600000| PB 0x0000000084600000| Complete 
|  43|0x0000000084700000, 0x0000000084700000, 0x0000000084800000|  0%| F|  |TAMS 0x0000000084700000| PB 0x0000000084700000| Untracked 
|  44|0x0000000084800000, 0x0000000084800000, 0x0000000084900000|  0%| F|  |TAMS 0x0000000084800000| PB 0x0000000084800000| Untracked 
|  45|0x0000000084900000, 0x0000000084900000, 0x0000000084a00000|  0%| F|  |TAMS 0x0000000084900000| PB 0x0000000084900000| Untracked 
|  46|0x0000000084a00000, 0x0000000084a00000, 0x0000000084b00000|  0%| F|  |TAMS 0x0000000084a00000| PB 0x0000000084a00000| Untracked 
|  47|0x0000000084b00000, 0x0000000084b00000, 0x0000000084c00000|  0%| F|  |TAMS 0x0000000084b00000| PB 0x0000000084b00000| Untracked 
|  48|0x0000000084c00000, 0x0000000084c00000, 0x0000000084d00000|  0%| F|  |TAMS 0x0000000084c00000| PB 0x0000000084c00000| Untracked 
|  49|0x0000000084d00000, 0x0000000084d00000, 0x0000000084e00000|  0%| F|  |TAMS 0x0000000084d00000| PB 0x0000000084d00000| Untracked 
|  50|0x0000000084e00000, 0x0000000084e00000, 0x0000000084f00000|  0%| F|  |TAMS 0x0000000084e00000| PB 0x0000000084e00000| Untracked 
|  51|0x0000000084f00000, 0x0000000084f00000, 0x0000000085000000|  0%| F|  |TAMS 0x0000000084f00000| PB 0x0000000084f00000| Untracked 
|  52|0x0000000085000000, 0x0000000085000000, 0x0000000085100000|  0%| F|  |TAMS 0x0000000085000000| PB 0x0000000085000000| Untracked 
|  53|0x0000000085100000, 0x0000000085100000, 0x0000000085200000|  0%| F|  |TAMS 0x0000000085100000| PB 0x0000000085100000| Untracked 
|  54|0x0000000085200000, 0x0000000085200000, 0x0000000085300000|  0%| F|  |TAMS 0x0000000085200000| PB 0x0000000085200000| Untracked 
|  55|0x0000000085300000, 0x0000000085300000, 0x0000000085400000|  0%| F|  |TAMS 0x0000000085300000| PB 0x0000000085300000| Untracked 
|  56|0x0000000085400000, 0x0000000085400000, 0x0000000085500000|  0%| F|  |TAMS 0x0000000085400000| PB 0x0000000085400000| Untracked 
|  57|0x0000000085500000, 0x0000000085500000, 0x0000000085600000|  0%| F|  |TAMS 0x0000000085500000| PB 0x0000000085500000| Untracked 
|  58|0x0000000085600000, 0x0000000085600000, 0x0000000085700000|  0%| F|  |TAMS 0x0000000085600000| PB 0x0000000085600000| Untracked 
|  59|0x0000000085700000, 0x0000000085700000, 0x0000000085800000|  0%| F|  |TAMS 0x0000000085700000| PB 0x0000000085700000| Untracked 
|  60|0x0000000085800000, 0x0000000085800000, 0x0000000085900000|  0%| F|  |TAMS 0x0000000085800000| PB 0x0000000085800000| Untracked 
|  61|0x0000000085900000, 0x0000000085900000, 0x0000000085a00000|  0%| F|  |TAMS 0x0000000085900000| PB 0x0000000085900000| Untracked 
|  62|0x0000000085a00000, 0x0000000085a00000, 0x0000000085b00000|  0%| F|  |TAMS 0x0000000085a00000| PB 0x0000000085a00000| Untracked 
|  63|0x0000000085b00000, 0x0000000085b00000, 0x0000000085c00000|  0%| F|  |TAMS 0x0000000085b00000| PB 0x0000000085b00000| Untracked 
|  82|0x0000000086e00000, 0x0000000086e00000, 0x0000000086f00000|  0%| F|  |TAMS 0x0000000086e00000| PB 0x0000000086e00000| Untracked 
|  88|0x0000000087400000, 0x0000000087400000, 0x0000000087500000|  0%| F|  |TAMS 0x0000000087400000| PB 0x0000000087400000| Untracked 
|  89|0x0000000087500000, 0x0000000087500000, 0x0000000087600000|  0%| F|  |TAMS 0x0000000087500000| PB 0x0000000087500000| Untracked 
|  90|0x0000000087600000, 0x0000000087600000, 0x0000000087700000|  0%| F|  |TAMS 0x0000000087600000| PB 0x0000000087600000| Untracked 
|  91|0x0000000087700000, 0x0000000087700000, 0x0000000087800000|  0%| F|  |TAMS 0x0000000087700000| PB 0x0000000087700000| Untracked 
|  92|0x0000000087800000, 0x0000000087800000, 0x0000000087900000|  0%| F|  |TAMS 0x0000000087800000| PB 0x0000000087800000| Untracked 
|  93|0x0000000087900000, 0x00000000879130b8, 0x0000000087a00000|  7%| E|  |TAMS 0x0000000087900000| PB 0x0000000087900000| Complete 
| 127|0x0000000089b00000, 0x0000000089c00000, 0x0000000089c00000|100%| E|CS|TAMS 0x0000000089b00000| PB 0x0000000089b00000| Complete 

Card table byte_map: [0x0000020d30130000,0x0000020d30530000] _byte_map_base: 0x0000020d2fd22000

Marking Bits: (CMBitMap*) 0x0000020d18904250
 Bits: [0x0000020d30530000, 0x0000020d324c0000)

Polling page: 0x0000020d166f0000

Metaspace:

Usage:
  Non-class:     70.73 MB used.
      Class:     10.66 MB used.
       Both:     81.39 MB used.

Virtual space:
  Non-class space:      128.00 MB reserved,      71.12 MB ( 56%) committed,  2 nodes.
      Class space:        1.00 GB reserved,      11.06 MB (  1%) committed,  1 nodes.
             Both:        1.12 GB reserved,      82.19 MB (  7%) committed. 

Chunk freelists:
   Non-Class:  7.94 MB
       Class:  4.96 MB
        Both:  12.90 MB

MaxMetaspaceSize: unlimited
CompressedClassSpaceSize: 1.00 GB
Initial GC threshold: 21.00 MB
Current GC threshold: 135.94 MB
CDS: on
 - commit_granule_bytes: 65536.
 - commit_granule_words: 8192.
 - virtual_space_node_default_size: 8388608.
 - enlarge_chunks_in_place: 1.
 - use_allocation_guard: 0.


Internal statistics:

num_allocs_failed_limit: 9.
num_arena_births: 1252.
num_arena_deaths: 0.
num_vsnodes_births: 3.
num_vsnodes_deaths: 0.
num_space_committed: 1315.
num_space_uncommitted: 0.
num_chunks_returned_to_freelist: 9.
num_chunks_taken_from_freelist: 4435.
num_chunk_merges: 9.
num_chunk_splits: 3170.
num_chunks_enlarged: 2456.
num_inconsistent_stats: 0.

CodeHeap 'non-profiled nmethods': size=120064Kb used=5380Kb max_used=5380Kb free=114683Kb
 bounds [0x0000020d287f0000, 0x0000020d28d40000, 0x0000020d2fd30000]
CodeHeap 'profiled nmethods': size=120000Kb used=20827Kb max_used=20827Kb free=99172Kb
 bounds [0x0000020d20d30000, 0x0000020d22190000, 0x0000020d28260000]
CodeHeap 'non-nmethods': size=5696Kb used=1746Kb max_used=1795Kb free=3949Kb
 bounds [0x0000020d28260000, 0x0000020d284d0000, 0x0000020d287f0000]
 total_blobs=11398 nmethods=10639 adapters=663
 compilation: enabled
              stopped_count=0, restarted_count=0
 full_count=0

Compilation events (20 events):
Event: 336.088 Thread 0x0000020d346bbf90 12053       3       org.apache.catalina.connector.Response::setHeader (70 bytes)
Event: 336.093 Thread 0x0000020d346bbf90 nmethod 12053 0x0000020d2217e490 code [0x0000020d2217e700, 0x0000020d2217f208]
Event: 336.093 Thread 0x0000020d346bbf90 12056       3       org.apache.tomcat.util.http.Parameters::recycle (39 bytes)
Event: 336.095 Thread 0x0000020d346bbf90 nmethod 12056 0x0000020d2217f610 code [0x0000020d2217f7e0, 0x0000020d2217fd10]
Event: 336.095 Thread 0x0000020d346bbf90 12057   !   3       org.apache.coyote.Response::recycle (141 bytes)
Event: 336.098 Thread 0x0000020d346bbf90 nmethod 12057 0x0000020d2217ff10 code [0x0000020d22180140, 0x0000020d22180ae0]
Event: 336.098 Thread 0x0000020d346bbf90 12054       3       org.springframework.security.web.header.writers.CacheControlHeadersWriter::writeHeaders (58 bytes)
Event: 336.099 Thread 0x0000020d346bbf90 nmethod 12054 0x0000020d22180e10 code [0x0000020d22181040, 0x0000020d221818c0]
Event: 336.099 Thread 0x0000020d346bbf90 12055       3       org.springframework.context.event.AbstractApplicationEventMulticaster$ListenerCacheKey::hashCode (22 bytes)
Event: 336.100 Thread 0x0000020d346bbf90 nmethod 12055 0x0000020d22181b10 code [0x0000020d22181ce0, 0x0000020d22182218]
Event: 336.431 Thread 0x0000020d346bbf90 12058       3       org.hibernate.sql.results.graph.entity.internal.EntityResultImpl::<init> (18 bytes)
Event: 336.432 Thread 0x0000020d346bbf90 nmethod 12058 0x0000020d22182390 code [0x0000020d22182560, 0x0000020d22182958]
Event: 336.432 Thread 0x0000020d346bbf90 12060       3       org.springframework.beans.PropertyEditorRegistrySupport::getCustomEditor (165 bytes)
Event: 336.434 Thread 0x0000020d346bbf90 nmethod 12060 0x0000020d22182a90 code [0x0000020d22182d60, 0x0000020d22183ff8]
Event: 336.434 Thread 0x0000020d346bbf90 12059       3       org.hibernate.sql.results.graph.entity.AbstractEntityResultGraphNode::afterInitialize (170 bytes)
Event: 336.436 Thread 0x0000020d346bbf90 nmethod 12059 0x0000020d22184410 code [0x0000020d22184740, 0x0000020d22185e58]
Event: 336.569 Thread 0x0000020d346bbf90 12061       3       org.springframework.data.repository.query.Parameters::iterator (10 bytes)
Event: 336.569 Thread 0x0000020d346bbf90 nmethod 12061 0x0000020d22186390 code [0x0000020d22186540, 0x0000020d22186718]
Event: 336.569 Thread 0x0000020d346bbf90 12062       3       org.hibernate.type.descriptor.java.JavaType::getTypeName (12 bytes)
Event: 336.569 Thread 0x0000020d346bbf90 nmethod 12062 0x0000020d22186810 code [0x0000020d221869c0, 0x0000020d22186c50]

GC Heap History (20 events):
Event: 37.066 GC heap before
{Heap before GC invocations=19 (full 0):
 garbage-first heap   total 56320K, used 45884K [0x0000000081c00000, 0x0000000100000000)
  region size 1024K, 18 young (18432K), 3 survivors (3072K)
 Metaspace       used 69331K, committed 70016K, reserved 1114112K
  class space    used 9341K, committed 9664K, reserved 1048576K
}
Event: 37.082 GC heap after
{Heap after GC invocations=20 (full 0):
 garbage-first heap   total 56320K, used 33069K [0x0000000081c00000, 0x0000000100000000)
  region size 1024K, 3 young (3072K), 3 survivors (3072K)
 Metaspace       used 69331K, committed 70016K, reserved 1114112K
  class space    used 9341K, committed 9664K, reserved 1048576K
}
Event: 38.181 GC heap before
{Heap before GC invocations=20 (full 0):
 garbage-first heap   total 56320K, used 48429K [0x0000000081c00000, 0x0000000100000000)
  region size 1024K, 18 young (18432K), 3 survivors (3072K)
 Metaspace       used 70672K, committed 71360K, reserved 1114112K
  class space    used 9534K, committed 9856K, reserved 1048576K
}
Event: 38.199 GC heap after
{Heap after GC invocations=21 (full 0):
 garbage-first heap   total 56320K, used 33863K [0x0000000081c00000, 0x0000000100000000)
  region size 1024K, 3 young (3072K), 3 survivors (3072K)
 Metaspace       used 70672K, committed 71360K, reserved 1114112K
  class space    used 9534K, committed 9856K, reserved 1048576K
}
Event: 39.603 GC heap before
{Heap before GC invocations=21 (full 0):
 garbage-first heap   total 56320K, used 48199K [0x0000000081c00000, 0x0000000100000000)
  region size 1024K, 17 young (17408K), 3 survivors (3072K)
 Metaspace       used 72190K, committed 72960K, reserved 1114112K
  class space    used 9748K, committed 10112K, reserved 1048576K
}
Event: 39.623 GC heap after
{Heap after GC invocations=22 (full 0):
 garbage-first heap   total 56320K, used 35026K [0x0000000081c00000, 0x0000000100000000)
  region size 1024K, 3 young (3072K), 3 survivors (3072K)
 Metaspace       used 72190K, committed 72960K, reserved 1114112K
  class space    used 9748K, committed 10112K, reserved 1048576K
}
Event: 41.154 GC heap before
{Heap before GC invocations=23 (full 0):
 garbage-first heap   total 61440K, used 48338K [0x0000000081c00000, 0x0000000100000000)
  region size 1024K, 17 young (17408K), 3 survivors (3072K)
 Metaspace       used 74303K, committed 75136K, reserved 1114112K
  class space    used 10178K, committed 10560K, reserved 1048576K
}
Event: 41.169 GC heap after
{Heap after GC invocations=24 (full 0):
 garbage-first heap   total 61440K, used 36163K [0x0000000081c00000, 0x0000000100000000)
  region size 1024K, 3 young (3072K), 3 survivors (3072K)
 Metaspace       used 74303K, committed 75136K, reserved 1114112K
  class space    used 10178K, committed 10560K, reserved 1048576K
}
Event: 41.727 GC heap before
{Heap before GC invocations=24 (full 0):
 garbage-first heap   total 61440K, used 54595K [0x0000000081c00000, 0x0000000100000000)
  region size 1024K, 21 young (21504K), 3 survivors (3072K)
 Metaspace       used 74871K, committed 75648K, reserved 1179648K
  class space    used 10221K, committed 10560K, reserved 1048576K
}
Event: 41.751 GC heap after
{Heap after GC invocations=25 (full 0):
 garbage-first heap   total 73728K, used 35925K [0x0000000081c00000, 0x0000000100000000)
  region size 1024K, 2 young (2048K), 2 survivors (2048K)
 Metaspace       used 74871K, committed 75648K, reserved 1179648K
  class space    used 10221K, committed 10560K, reserved 1048576K
}
Event: 66.614 GC heap before
{Heap before GC invocations=25 (full 0):
 garbage-first heap   total 73728K, used 64597K [0x0000000081c00000, 0x0000000100000000)
  region size 1024K, 31 young (31744K), 2 survivors (2048K)
 Metaspace       used 80446K, committed 81216K, reserved 1179648K
  class space    used 10822K, committed 11136K, reserved 1048576K
}
Event: 66.711 GC heap after
{Heap after GC invocations=26 (full 0):
 garbage-first heap   total 73728K, used 38034K [0x0000000081c00000, 0x0000000100000000)
  region size 1024K, 4 young (4096K), 4 survivors (4096K)
 Metaspace       used 80446K, committed 81216K, reserved 1179648K
  class space    used 10822K, committed 11136K, reserved 1048576K
}
Event: 257.376 GC heap before
{Heap before GC invocations=27 (full 0):
 garbage-first heap   total 73728K, used 62610K [0x0000000081c00000, 0x0000000100000000)
  region size 1024K, 29 young (29696K), 4 survivors (4096K)
 Metaspace       used 81832K, committed 82752K, reserved 1179648K
  class space    used 10904K, committed 11328K, reserved 1048576K
}
Event: 257.403 GC heap after
{Heap after GC invocations=28 (full 0):
 garbage-first heap   total 73728K, used 38088K [0x0000000081c00000, 0x0000000100000000)
  region size 1024K, 3 young (3072K), 3 survivors (3072K)
 Metaspace       used 81832K, committed 82752K, reserved 1179648K
  class space    used 10904K, committed 11328K, reserved 1048576K
}
Event: 304.273 GC heap before
{Heap before GC invocations=28 (full 0):
 garbage-first heap   total 73728K, used 63688K [0x0000000081c00000, 0x0000000100000000)
  region size 1024K, 29 young (29696K), 3 survivors (3072K)
 Metaspace       used 82321K, committed 83200K, reserved 1179648K
  class space    used 10911K, committed 11328K, reserved 1048576K
}
Event: 304.312 GC heap after
{Heap after GC invocations=29 (full 0):
 garbage-first heap   total 73728K, used 37942K [0x0000000081c00000, 0x0000000100000000)
  region size 1024K, 1 young (1024K), 1 survivors (1024K)
 Metaspace       used 82321K, committed 83200K, reserved 1179648K
  class space    used 10911K, committed 11328K, reserved 1048576K
}
Event: 323.325 GC heap before
{Heap before GC invocations=29 (full 0):
 garbage-first heap   total 73728K, used 65590K [0x0000000081c00000, 0x0000000100000000)
  region size 1024K, 29 young (29696K), 1 survivors (1024K)
 Metaspace       used 82621K, committed 83520K, reserved 1179648K
  class space    used 10914K, committed 11328K, reserved 1048576K
}
Event: 323.349 GC heap after
{Heap after GC invocations=30 (full 0):
 garbage-first heap   total 73728K, used 37965K [0x0000000081c00000, 0x0000000100000000)
  region size 1024K, 1 young (1024K), 1 survivors (1024K)
 Metaspace       used 82621K, committed 83520K, reserved 1179648K
  class space    used 10914K, committed 11328K, reserved 1048576K
}
Event: 336.041 GC heap before
{Heap before GC invocations=31 (full 0):
 garbage-first heap   total 73728K, used 65613K [0x0000000081c00000, 0x0000000100000000)
  region size 1024K, 29 young (29696K), 1 survivors (1024K)
 Metaspace       used 83331K, committed 84160K, reserved 1179648K
  class space    used 10914K, committed 11328K, reserved 1048576K
}
Event: 336.049 GC heap after
{Heap after GC invocations=32 (full 0):
 garbage-first heap   total 73728K, used 37980K [0x0000000081c00000, 0x0000000100000000)
  region size 1024K, 1 young (1024K), 1 survivors (1024K)
 Metaspace       used 83331K, committed 84160K, reserved 1179648K
  class space    used 10914K, committed 11328K, reserved 1048576K
}

Dll operation events (14 events):
Event: 0.027 Loaded shared library C:\Program Files\Java\jdk-21\bin\java.dll
Event: 0.202 Loaded shared library C:\Program Files\Java\jdk-21\bin\jsvml.dll
Event: 0.685 Loaded shared library C:\Program Files\Java\jdk-21\bin\zip.dll
Event: 0.695 Loaded shared library C:\Program Files\Java\jdk-21\bin\instrument.dll
Event: 0.711 Loaded shared library C:\Program Files\Java\jdk-21\bin\net.dll
Event: 0.716 Loaded shared library C:\Program Files\Java\jdk-21\bin\nio.dll
Event: 0.728 Loaded shared library C:\Program Files\Java\jdk-21\bin\zip.dll
Event: 1.133 Loaded shared library C:\Program Files\JetBrains\IntelliJ IDEA Community Edition 2024.2.3\bin\breakgen64.dll
Event: 1.187 Loaded shared library C:\Program Files\Java\jdk-21\bin\extnet.dll
Event: 1.347 Loaded shared library C:\Program Files\Java\jdk-21\bin\jimage.dll
Event: 6.768 Loaded shared library C:\Program Files\Java\jdk-21\bin\sunmscapi.dll
Event: 18.548 Loaded shared library C:\Program Files\Java\jdk-21\bin\management.dll
Event: 18.561 Loaded shared library C:\Program Files\Java\jdk-21\bin\management_ext.dll
Event: 22.849 Loaded shared library C:\Program Files\Java\jdk-21\bin\verify.dll

Deoptimization events (20 events):
Event: 294.456 Thread 0x0000020d7bc0a210 Uncommon trap: trap_request=0xffffffc6 fr.pc=0x0000020d28c323b4 relative=0x00000000000006b4
Event: 294.456 Thread 0x0000020d7bc0a210 Uncommon trap: reason=bimorphic_or_optimized_type_check action=maybe_recompile pc=0x0000020d28c323b4 method=java.util.HashMap.removeNode(ILjava/lang/Object;Ljava/lang/Object;ZZ)Ljava/util/HashMap$Node; @ 143 c2
Event: 294.456 Thread 0x0000020d7bc0a210 DEOPT PACKING pc=0x0000020d28c323b4 sp=0x00000076fcbfec10
Event: 294.456 Thread 0x0000020d7bc0a210 DEOPT UNPACKING pc=0x0000020d282b469d sp=0x00000076fcbfeb38 mode 2
Event: 295.085 Thread 0x0000020d7bc07420 DEOPT PACKING pc=0x0000020d20db885a sp=0x00000076fc8fb020
Event: 295.085 Thread 0x0000020d7bc07420 DEOPT UNPACKING pc=0x0000020d282b4e24 sp=0x00000076fc8fa4e8 mode 0
Event: 309.311 Thread 0x0000020d7cd84fe0 DEOPT PACKING pc=0x0000020d21b13b86 sp=0x00000076fc3fb310
Event: 309.311 Thread 0x0000020d7cd84fe0 DEOPT UNPACKING pc=0x0000020d282b4e24 sp=0x00000076fc3fa890 mode 0
Event: 309.756 Thread 0x0000020d7bc09b80 DEOPT PACKING pc=0x0000020d21d471c3 sp=0x00000076fc7fbc40
Event: 309.756 Thread 0x0000020d7bc09b80 DEOPT UNPACKING pc=0x0000020d282b4e24 sp=0x00000076fc7fb0c8 mode 0
Event: 311.809 Thread 0x0000020d7bc07420 DEOPT PACKING pc=0x0000020d219a2efb sp=0x00000076fc8fb6d0
Event: 311.809 Thread 0x0000020d7bc07420 DEOPT UNPACKING pc=0x0000020d282b4e24 sp=0x00000076fc8fab80 mode 0
Event: 328.630 Thread 0x0000020d7cd870b0 DEOPT PACKING pc=0x0000020d21c253ba sp=0x00000076fc2fc0b0
Event: 328.630 Thread 0x0000020d7cd870b0 DEOPT UNPACKING pc=0x0000020d282b4e24 sp=0x00000076fc2fb820 mode 0
Event: 330.256 Thread 0x0000020d7cd84fe0 DEOPT PACKING pc=0x0000020d21c253ba sp=0x00000076fc3fc1b0
Event: 330.256 Thread 0x0000020d7cd84fe0 DEOPT UNPACKING pc=0x0000020d282b4e24 sp=0x00000076fc3fb920 mode 0
Event: 332.197 Thread 0x0000020d7bc087d0 Uncommon trap: trap_request=0xffffff6e fr.pc=0x0000020d28af63f8 relative=0x0000000000000eb8
Event: 332.197 Thread 0x0000020d7bc087d0 Uncommon trap: reason=loop_limit_check action=maybe_recompile pc=0x0000020d28af63f8 method=org.hibernate.internal.util.collections.StandardStack.findCurrentFirstWithParameter(Ljava/lang/Object;Ljava/util/function/BiFunction;)Ljava/lang/Object; @ 8 c2
Event: 332.197 Thread 0x0000020d7bc087d0 DEOPT PACKING pc=0x0000020d28af63f8 sp=0x00000076fc9f97a0
Event: 332.197 Thread 0x0000020d7bc087d0 DEOPT UNPACKING pc=0x0000020d282b469d sp=0x00000076fc9f9678 mode 2

Classes loaded (20 events):
Event: 56.527 Loading class javax/crypto/ProviderVerifier
Event: 56.528 Loading class javax/crypto/ProviderVerifier done
Event: 56.528 Loading class javax/crypto/ProviderVerifier$1
Event: 56.529 Loading class javax/crypto/ProviderVerifier$1 done
Event: 56.530 Loading class com/sun/crypto/provider/HmacCore$HmacSHA256
Event: 56.536 Loading class com/sun/crypto/provider/HmacCore
Event: 56.537 Loading class javax/crypto/MacSpi
Event: 56.537 Loading class javax/crypto/MacSpi done
Event: 56.537 Loading class com/sun/crypto/provider/HmacCore done
Event: 56.537 Loading class com/sun/crypto/provider/HmacCore$HmacSHA256 done
Event: 82.541 Loading class java/util/stream/ReferencePipeline$4
Event: 82.546 Loading class java/util/stream/ReferencePipeline$4 done
Event: 82.548 Loading class java/util/function/IntBinaryOperator
Event: 82.548 Loading class java/util/function/IntBinaryOperator done
Event: 82.549 Loading class java/util/stream/ReduceOps$7
Event: 82.562 Loading class java/util/stream/ReduceOps$7 done
Event: 82.562 Loading class java/util/stream/ReduceOps$6ReducingSink
Event: 82.562 Loading class java/util/stream/ReduceOps$6ReducingSink done
Event: 82.562 Loading class java/util/stream/ReferencePipeline$4$1
Event: 82.562 Loading class java/util/stream/ReferencePipeline$4$1 done

Classes unloaded (0 events):
No events

Classes redefined (0 events):
No events

Internal exceptions (20 events):
Event: 39.951 Thread 0x0000020d188ad7b0 Exception <a 'java/lang/NoSuchMethodError'{0x0000000089b4b4b8}: 'java.lang.Object java.lang.invoke.DirectMethodHandle$Holder.invokeInterface(java.lang.Object, java.lang.Object, java.lang.Object, java.lang.Object)'> (0x0000000089b4b4b8) 
thrown [s\open\src\hotspot\share\interpreter\linkResolver.cpp, line 773]
Event: 41.946 Thread 0x0000020d188ad7b0 Exception <a 'java/lang/IncompatibleClassChangeError'{0x0000000089b0cdd0}: Found class java.lang.Object, but interface was expected> (0x0000000089b0cdd0) 
thrown [s\open\src\hotspot\share\interpreter\linkResolver.cpp, line 840]
Event: 49.573 Thread 0x0000020d7bc0a8a0 Exception <a 'java/lang/NoSuchMethodError'{0x0000000089ba88e8}: 'java.lang.Object java.lang.invoke.DirectMethodHandle$Holder.invokeStatic(java.lang.Object, java.lang.Object, java.lang.Object, int, int)'> (0x0000000089ba88e8) 
thrown [s\open\src\hotspot\share\interpreter\linkResolver.cpp, line 773]
Event: 49.574 Thread 0x0000020d7bc0a8a0 Exception <a 'java/lang/NoSuchMethodError'{0x0000000089bac040}: 'java.lang.Object java.lang.invoke.DirectMethodHandle$Holder.invokeStaticInit(java.lang.Object, java.lang.Object, java.lang.Object, int, int)'> (0x0000000089bac040) 
thrown [s\open\src\hotspot\share\interpreter\linkResolver.cpp, line 773]
Event: 51.157 Thread 0x0000020d7cd87740 Exception <a 'java/lang/NoSuchMethodError'{0x0000000087832100}: 'java.lang.Object java.lang.invoke.DirectMethodHandle$Holder.invokeSpecial(java.lang.Object, java.lang.Object, java.lang.Object, java.lang.Object, java.lang.Object, long)'> (0x0000000087832100) 
thrown [s\open\src\hotspot\share\interpreter\linkResolver.cpp, line 773]
Event: 51.158 Thread 0x0000020d7cd87740 Exception <a 'java/lang/NoSuchMethodError'{0x0000000087835878}: 'java.lang.Object java.lang.invoke.Invokers$Holder.linkToTargetMethod(java.lang.Object, java.lang.Object, java.lang.Object, long, java.lang.Object)'> (0x0000000087835878) 
thrown [s\open\src\hotspot\share\interpreter\linkResolver.cpp, line 773]
Event: 53.851 Thread 0x0000020d7cd87740 Exception <a 'java/lang/IncompatibleClassChangeError'{0x00000000874fa230}: Found class java.lang.Object, but interface was expected> (0x00000000874fa230) 
thrown [s\open\src\hotspot\share\interpreter\linkResolver.cpp, line 840]
Event: 54.029 Thread 0x0000020d7cd870b0 Exception <a 'java/lang/NoSuchMethodError'{0x0000000086ecdba8}: 'java.lang.Object java.lang.invoke.DirectMethodHandle$Holder.invokeVirtual(java.lang.Object, java.lang.Object, int, int)'> (0x0000000086ecdba8) 
thrown [s\open\src\hotspot\share\interpreter\linkResolver.cpp, line 773]
Event: 54.030 Thread 0x0000020d7cd870b0 Exception <a 'java/lang/NoSuchMethodError'{0x0000000086ed1f78}: 'java.lang.Object java.lang.invoke.DirectMethodHandle$Holder.invokeSpecial(java.lang.Object, java.lang.Object, java.lang.Object, int, int)'> (0x0000000086ed1f78) 
thrown [s\open\src\hotspot\share\interpreter\linkResolver.cpp, line 773]
Event: 54.977 Thread 0x0000020d7cd87dd0 Exception <a 'sun/nio/fs/WindowsException'{0x00000000857a7298}> (0x00000000857a7298) 
thrown [s\open\src\hotspot\share\prims\jni.cpp, line 520]
Event: 55.177 Thread 0x0000020d7cd86a20 Exception <a 'java/lang/IncompatibleClassChangeError'{0x000000008563bf00}: Found class java.lang.Object, but interface was expected> (0x000000008563bf00) 
thrown [s\open\src\hotspot\share\interpreter\linkResolver.cpp, line 840]
Event: 55.203 Thread 0x0000020d7cd870b0 Exception <a 'java/lang/IncompatibleClassChangeError'{0x000000008566b4c0}: Found class java.lang.Object, but interface was expected> (0x000000008566b4c0) 
thrown [s\open\src\hotspot\share\interpreter\linkResolver.cpp, line 840]
Event: 55.203 Thread 0x0000020d7cd870b0 Exception <a 'java/lang/IncompatibleClassChangeError'{0x000000008566c780}: Found class java.lang.Object, but interface was expected> (0x000000008566c780) 
thrown [s\open\src\hotspot\share\interpreter\linkResolver.cpp, line 840]
Event: 55.209 Thread 0x0000020d7cd870b0 Exception <a 'java/lang/IncompatibleClassChangeError'{0x00000000856700b0}: Found class java.lang.Object, but interface was expected> (0x00000000856700b0) 
thrown [s\open\src\hotspot\share\interpreter\linkResolver.cpp, line 840]
Event: 57.622 Thread 0x0000020d7cd87dd0 Exception <a 'java/lang/NoSuchMethodError'{0x0000000085327210}: 'java.lang.Object java.lang.invoke.DirectMethodHandle$Holder.invokeStatic(java.lang.Object, java.lang.Object, java.lang.Object, java.lang.Object, int, java.lang.Object)'> (0x0000000085327210) 
thrown [s\open\src\hotspot\share\interpreter\linkResolver.cpp, line 773]
Event: 57.623 Thread 0x0000020d7cd87dd0 Exception <a 'java/lang/NoSuchMethodError'{0x000000008532e810}: 'java.lang.Object java.lang.invoke.DirectMethodHandle$Holder.newInvokeSpecial(java.lang.Object, java.lang.Object, java.lang.Object, java.lang.Object, int)'> (0x000000008532e810) 
thrown [s\open\src\hotspot\share\interpreter\linkResolver.cpp, line 773]
Event: 57.677 Thread 0x0000020d7cd87dd0 Exception <a 'java/lang/NoSuchMethodError'{0x00000000853331e8}: 'java.lang.Object java.lang.invoke.DirectMethodHandle$Holder.invokeSpecial(java.lang.Object, java.lang.Object, java.lang.Object, java.lang.Object, java.lang.Object, int)'> (0x00000000853331e8) 
thrown [s\open\src\hotspot\share\interpreter\linkResolver.cpp, line 773]
Event: 57.678 Thread 0x0000020d7cd87dd0 Exception <a 'java/lang/NoSuchMethodError'{0x0000000085337220}: 'java.lang.Object java.lang.invoke.Invokers$Holder.linkToTargetMethod(java.lang.Object, java.lang.Object, java.lang.Object, int, java.lang.Object)'> (0x0000000085337220) 
thrown [s\open\src\hotspot\share\interpreter\linkResolver.cpp, line 773]
Event: 57.818 Thread 0x0000020d7cd87dd0 Exception <a 'java/lang/NoSuchMethodError'{0x0000000085365108}: 'java.lang.Object java.lang.invoke.DirectMethodHandle$Holder.invokeInterface(java.lang.Object, java.lang.Object, java.lang.Object, java.lang.Object, java.lang.Object)'> (0x0000000085365108) 
thrown [s\open\src\hotspot\share\interpreter\linkResolver.cpp, line 773]
Event: 243.128 Thread 0x0000020d7cd84fe0 Implicit null exception at 0x0000020d288e8d3d to 0x0000020d288e8dd4

ZGC Phase Switch (0 events):
No events

VM Operations (20 events):
Event: 326.167 Executing VM operation: Cleanup
Event: 326.167 Executing VM operation: Cleanup done
Event: 327.172 Executing VM operation: Cleanup
Event: 327.172 Executing VM operation: Cleanup done
Event: 328.226 Executing VM operation: Cleanup
Event: 328.226 Executing VM operation: Cleanup done
Event: 329.285 Executing VM operation: Cleanup
Event: 329.299 Executing VM operation: Cleanup done
Event: 330.334 Executing VM operation: Cleanup
Event: 330.411 Executing VM operation: Cleanup done
Event: 331.443 Executing VM operation: Cleanup
Event: 331.476 Executing VM operation: Cleanup done
Event: 332.495 Executing VM operation: Cleanup
Event: 332.495 Executing VM operation: Cleanup done
Event: 333.942 Executing VM operation: Cleanup
Event: 333.942 Executing VM operation: Cleanup done
Event: 335.565 Executing VM operation: Cleanup
Event: 335.565 Executing VM operation: Cleanup done
Event: 336.041 Executing VM operation: G1CollectForAllocation (G1 Evacuation Pause)
Event: 336.049 Executing VM operation: G1CollectForAllocation (G1 Evacuation Pause) done

Events (20 events):
Event: 324.028 Thread 0x0000020d3462db00 flushing nmethod 0x0000020d217f8410
Event: 324.028 Thread 0x0000020d3462db00 flushing nmethod 0x0000020d217f8890
Event: 324.028 Thread 0x0000020d3462db00 flushing nmethod 0x0000020d217f9610
Event: 324.028 Thread 0x0000020d3462db00 flushing nmethod 0x0000020d21808690
Event: 324.028 Thread 0x0000020d3462db00 flushing nmethod 0x0000020d21815e90
Event: 324.028 Thread 0x0000020d3462db00 flushing nmethod 0x0000020d2183b290
Event: 324.028 Thread 0x0000020d3462db00 flushing nmethod 0x0000020d21842090
Event: 324.028 Thread 0x0000020d3462db00 flushing nmethod 0x0000020d2184f490
Event: 324.028 Thread 0x0000020d3462db00 flushing nmethod 0x0000020d21850190
Event: 324.028 Thread 0x0000020d3462db00 flushing nmethod 0x0000020d21850790
Event: 324.028 Thread 0x0000020d3462db00 flushing nmethod 0x0000020d2186a490
Event: 324.028 Thread 0x0000020d3462db00 flushing nmethod 0x0000020d21888990
Event: 324.028 Thread 0x0000020d3462db00 flushing nmethod 0x0000020d218a3090
Event: 324.028 Thread 0x0000020d3462db00 flushing nmethod 0x0000020d218b0f90
Event: 324.028 Thread 0x0000020d3462db00 flushing nmethod 0x0000020d218b2b10
Event: 324.028 Thread 0x0000020d3462db00 flushing nmethod 0x0000020d218bc790
Event: 324.028 Thread 0x0000020d3462db00 flushing nmethod 0x0000020d218beb10
Event: 324.028 Thread 0x0000020d3462db00 flushing nmethod 0x0000020d218c8f90
Event: 324.028 Thread 0x0000020d3462db00 flushing nmethod 0x0000020d218d3110
Event: 324.028 Thread 0x0000020d3462db00 flushing nmethod 0x0000020d21989b10


Dynamic libraries:
0x00007ff6b8650000 - 0x00007ff6b8660000 	C:\Program Files\Java\jdk-21\bin\java.exe
0x00007ff874ae0000 - 0x00007ff874ce9000 	C:\Windows\SYSTEM32\ntdll.dll
0x00007ff873e10000 - 0x00007ff873ecd000 	C:\Windows\System32\KERNEL32.DLL
0x00007ff8725f0000 - 0x00007ff872969000 	C:\Windows\System32\KERNELBASE.dll
0x00007ff8724d0000 - 0x00007ff8725e1000 	C:\Windows\System32\ucrtbase.dll
0x00007ff86df50000 - 0x00007ff86df69000 	C:\Program Files\Java\jdk-21\bin\jli.dll
0x00007ff874380000 - 0x00007ff87442e000 	C:\Windows\System32\ADVAPI32.dll
0x00007ff873f40000 - 0x00007ff873fe3000 	C:\Windows\System32\msvcrt.dll
0x00007ff874650000 - 0x00007ff8746ee000 	C:\Windows\System32\sechost.dll
0x00007ff873c30000 - 0x00007ff873d50000 	C:\Windows\System32\RPCRT4.dll
0x00007ff873ff0000 - 0x00007ff87419c000 	C:\Windows\System32\USER32.dll
0x00007ff871fc0000 - 0x00007ff871fe6000 	C:\Windows\System32\win32u.dll
0x00007ff8746f0000 - 0x00007ff874719000 	C:\Windows\System32\GDI32.dll
0x00007ff8723b0000 - 0x00007ff8724c2000 	C:\Windows\System32\gdi32full.dll
0x00007ff8722a0000 - 0x00007ff87233d000 	C:\Windows\System32\msvcp_win.dll
0x00007ff869a80000 - 0x00007ff869a9b000 	C:\Program Files\Java\jdk-21\bin\VCRUNTIME140.dll
0x00007ff864430000 - 0x00007ff8646d5000 	C:\Windows\WinSxS\amd64_microsoft.windows.common-controls_6595b64144ccf1df_6.0.22000.120_none_9d947278b86cc467\COMCTL32.dll
0x00007ff8614d0000 - 0x00007ff8614da000 	C:\Windows\SYSTEM32\VERSION.dll
0x00007ff873d50000 - 0x00007ff873d81000 	C:\Windows\System32\IMM32.DLL
0x00007ff86e720000 - 0x00007ff86e72c000 	C:\Program Files\Java\jdk-21\bin\vcruntime140_1.dll
0x00007ff8604e0000 - 0x00007ff86056e000 	C:\Program Files\Java\jdk-21\bin\msvcp140.dll
0x00007ff82bd00000 - 0x00007ff82ca13000 	C:\Program Files\Java\jdk-21\bin\server\jvm.dll
0x00007ff873ad0000 - 0x00007ff873b3f000 	C:\Windows\System32\WS2_32.dll
0x00007ff871e90000 - 0x00007ff871edd000 	C:\Windows\SYSTEM32\POWRPROF.dll
0x00007ff86aff0000 - 0x00007ff86b023000 	C:\Windows\SYSTEM32\WINMM.dll
0x00007ff871e70000 - 0x00007ff871e83000 	C:\Windows\SYSTEM32\UMPDC.dll
0x00007ff8710c0000 - 0x00007ff8710d8000 	C:\Windows\SYSTEM32\kernel.appcore.dll
0x00007ff86df40000 - 0x00007ff86df4a000 	C:\Program Files\Java\jdk-21\bin\jimage.dll
0x00007ff84f720000 - 0x00007ff84f941000 	C:\Windows\SYSTEM32\DBGHELP.DLL
0x00007ff847400000 - 0x00007ff847431000 	C:\Windows\SYSTEM32\dbgcore.DLL
0x00007ff872220000 - 0x00007ff87229f000 	C:\Windows\System32\bcryptPrimitives.dll
0x00007ff86de80000 - 0x00007ff86de8f000 	C:\Program Files\Java\jdk-21\bin\instrument.dll
0x00007ff869940000 - 0x00007ff86995f000 	C:\Program Files\Java\jdk-21\bin\java.dll
0x00007ff873310000 - 0x00007ff873ac8000 	C:\Windows\System32\SHELL32.dll
0x00007ff870130000 - 0x00007ff870998000 	C:\Windows\SYSTEM32\windows.storage.dll
0x00007ff874720000 - 0x00007ff874a99000 	C:\Windows\System32\combase.dll
0x00007ff86ffc0000 - 0x00007ff870126000 	C:\Windows\SYSTEM32\wintypes.dll
0x00007ff873b40000 - 0x00007ff873c2a000 	C:\Windows\System32\SHCORE.dll
0x00007ff872b70000 - 0x00007ff872bcd000 	C:\Windows\System32\shlwapi.dll
0x00007ff871ef0000 - 0x00007ff871f11000 	C:\Windows\SYSTEM32\profapi.dll
0x00007ff85d910000 - 0x00007ff85d9e7000 	C:\Program Files\Java\jdk-21\bin\jsvml.dll
0x00007ff861830000 - 0x00007ff861848000 	C:\Program Files\Java\jdk-21\bin\zip.dll
0x00007ff86c850000 - 0x00007ff86c860000 	C:\Program Files\Java\jdk-21\bin\net.dll
0x00007ff86a050000 - 0x00007ff86a15c000 	C:\Windows\SYSTEM32\WINHTTP.dll
0x00007ff8714f0000 - 0x00007ff871557000 	C:\Windows\system32\mswsock.dll
0x00007ff861810000 - 0x00007ff861826000 	C:\Program Files\Java\jdk-21\bin\nio.dll
0x00007ff8617f0000 - 0x00007ff86180a000 	C:\Program Files\JetBrains\IntelliJ IDEA Community Edition 2024.2.3\bin\breakgen64.dll
0x00007ff8617e0000 - 0x00007ff8617e9000 	C:\Program Files\Java\jdk-21\bin\extnet.dll
0x00007ff861690000 - 0x00007ff86169e000 	C:\Program Files\Java\jdk-21\bin\sunmscapi.dll
0x00007ff871ff0000 - 0x00007ff872152000 	C:\Windows\System32\CRYPT32.dll
0x00007ff871880000 - 0x00007ff8718a8000 	C:\Windows\SYSTEM32\ncrypt.dll
0x00007ff871840000 - 0x00007ff871877000 	C:\Windows\SYSTEM32\NTASN1.dll
0x00007ff871740000 - 0x00007ff871758000 	C:\Windows\SYSTEM32\CRYPTSP.dll
0x00007ff871020000 - 0x00007ff871055000 	C:\Windows\system32\rsaenh.dll
0x00007ff8715e0000 - 0x00007ff871609000 	C:\Windows\SYSTEM32\USERENV.dll
0x00007ff8718b0000 - 0x00007ff8718d7000 	C:\Windows\SYSTEM32\bcrypt.dll
0x00007ff871730000 - 0x00007ff87173c000 	C:\Windows\SYSTEM32\CRYPTBASE.dll
0x00007ff870c30000 - 0x00007ff870c5d000 	C:\Windows\SYSTEM32\IPHLPAPI.DLL
0x00007ff873ed0000 - 0x00007ff873ed9000 	C:\Windows\System32\NSI.dll
0x00007ff861680000 - 0x00007ff86168a000 	C:\Program Files\Java\jdk-21\bin\management.dll
0x00007ff8604d0000 - 0x00007ff8604db000 	C:\Program Files\Java\jdk-21\bin\management_ext.dll
0x00007ff8741a0000 - 0x00007ff8741a8000 	C:\Windows\System32\PSAPI.DLL
0x00007ff8604c0000 - 0x00007ff8604d0000 	C:\Program Files\Java\jdk-21\bin\verify.dll
0x00007ff862e70000 - 0x00007ff862e78000 	C:\Windows\system32\wshunix.dll

dbghelp: loaded successfully - version: 4.0.5 - missing functions: none
symbol engine: initialized successfully - sym options: 0x614 - pdb path: .;C:\Program Files\Java\jdk-21\bin;C:\Windows\SYSTEM32;C:\Windows\WinSxS\amd64_microsoft.windows.common-controls_6595b64144ccf1df_6.0.22000.120_none_9d947278b86cc467;C:\Program Files\Java\jdk-21\bin\server;C:\Program Files\JetBrains\IntelliJ IDEA Community Edition 2024.2.3\bin

VM Arguments:
jvm_args: -javaagent:C:\Program Files\JetBrains\IntelliJ IDEA Community Edition 2024.2.3\lib\idea_rt.jar=59226:C:\Program Files\JetBrains\IntelliJ IDEA Community Edition 2024.2.3\bin -Dfile.encoding=UTF-8 -Dsun.stdout.encoding=UTF-8 -Dsun.stderr.encoding=UTF-8 
java_command: com.proyecto.backend.BackendApplication
java_class_path (initial): C:\Users\Exo\Desktop\Proyecto-Final\Backend\target\classes;C:\Users\Exo\.m2\repository\org\springframework\boot\spring-boot-starter-data-jpa\3.5.4\spring-boot-starter-data-jpa-3.5.4.jar;C:\Users\Exo\.m2\repository\org\springframework\boot\spring-boot-starter\3.5.4\spring-boot-starter-3.5.4.jar;C:\Users\Exo\.m2\repository\org\springframework\boot\spring-boot\3.5.4\spring-boot-3.5.4.jar;C:\Users\Exo\.m2\repository\org\springframework\boot\spring-boot-autoconfigure\3.5.4\spring-boot-autoconfigure-3.5.4.jar;C:\Users\Exo\.m2\repository\org\springframework\boot\spring-boot-starter-logging\3.5.4\spring-boot-starter-logging-3.5.4.jar;C:\Users\Exo\.m2\repository\ch\qos\logback\logback-classic\1.5.18\logback-classic-1.5.18.jar;C:\Users\Exo\.m2\repository\ch\qos\logback\logback-core\1.5.18\logback-core-1.5.18.jar;C:\Users\Exo\.m2\repository\org\apache\logging\log4j\log4j-to-slf4j\2.24.3\log4j-to-slf4j-2.24.3.jar;C:\Users\Exo\.m2\repository\org\apache\logging\log4j\log4j-api\2.24.3\log4j-api-2.24.3.jar;C:\Users\Exo\.m2\repository\org\slf4j\jul-to-slf4j\2.0.17\jul-to-slf4j-2.0.17.jar;C:\Users\Exo\.m2\repository\jakarta\annotation\jakarta.annotation-api\2.1.1\jakarta.annotation-api-2.1.1.jar;C:\Users\Exo\.m2\repository\org\yaml\snakeyaml\2.4\snakeyaml-2.4.jar;C:\Users\Exo\.m2\repository\org\springframework\boot\spring-boot-starter-jdbc\3.5.4\spring-boot-starter-jdbc-3.5.4.jar;C:\Users\Exo\.m2\repository\com\zaxxer\HikariCP\6.3.1\HikariCP-6.3.1.jar;C:\Users\Exo\.m2\repository\org\springframework\spring-jdbc\6.2.9\spring-jdbc-6.2.9.jar;C:\Users\Exo\.m2\repository\org\hibernate\orm\hibernate-core\6.6.22.Final\hibernate-core-6.6.22.Final.jar;C:\Users\Exo\.m2\repository\jakarta\persistence\jakarta.persistence-api\3.1.0\jakarta.persistence-api-3.1.0.jar;C:\Users\Exo\.m2\repository\jakarta\transaction\jakarta.transaction-api\2.0.1\jakarta.transaction-api-2.0.1.jar;C:\Users\Exo\.m2\repository\org\jboss\logging\jboss-logging\3.6.1.Final\jboss-logging-3.6.1.Final.jar;C:\Users\Exo\.m2\repository\org\hibernate\common\hibernate-commons-annotations\7.0.3.Final\hibernate-commons-annotations-7.0.3.Final.jar;C:\Users\Exo\.m2\repository\io\smallrye\jandex\3.2.0\jandex-3.2.0.jar;C:\Users\Exo\.m2\repository\com\fasterxml\classmate\1.7.0\classmate-1.7.0.jar;C:\Users\Exo\.m2\repository\net\bytebuddy\byte-buddy\1.17.6\byte-buddy-1.17.6.jar;C:\Users\Exo\.m2\repository\org\glassfish\jaxb\jaxb-runtime\4.0.5\jaxb-runtime-4.0.5.jar;C:\Users\Exo\.m2\repository\org\glassfish\jaxb\jaxb-core\4.0.5\jaxb-core-4.0.5.jar;C:\Users\Exo\.m2\repository\org\eclipse\angus\angus-activation\2.0.2\angus-activation-2.0.2.jar;C:\Users\Exo\.m2\repository\org\glassfish\jaxb\txw2\4.0.5\txw2-4.0.5.jar;C:\Users\Exo\.m2\repository\com\sun\istack\istack-commons-runtime\4.1.2\istack-commons-runtime-4.1.2.jar;C:\Users\Exo\.m2\repository\jakarta\inject\jakarta.inject-api\2.0.1\jakarta.inject-api-2.0.1.jar;C:\Users\Exo\.m2\repository\org\antlr\antlr4-runtime\4.13.0\antlr4-runtime-4.13.0.jar;C:\Users\Exo\.m2\repository\org\springframework\data\spring-data-jpa\3.5.2\spring-data-jpa-3.5.2.jar;C:\Users\Exo\.m2\repository\org\springframework\data\spring-data-commons\3.5.2\spring-data-commons-3.5.2.jar;C:\Users\Exo\.m2\repository\org\springframework\spring-orm\6.2.9\spring-orm-6.2.9.jar;C:\Users\Exo\.m2\repository\org\springframework\spring-context\6.2.9\spring-context-6.2.9.jar;C:\Users\Exo\.m2\repository\org\springframework\spring-tx\6.2.9\spring-tx-6.2.9.jar;C:\Users\Exo\.m2\repository\org\springframework\spring-beans\6.2.9\spring-beans-6.2.9.jar;C:\Users\Exo\.m2\repository\org\slf4j\slf4j-api\2.0.17\slf4j-api-2.0.17.jar;C:\Users\Exo\.m2\repository\org\springframework\spring-aspects\6.2.9\spring-aspects-6.2.9.jar;C:\Users\Exo\.m2\repository\org\aspectj\aspectjweaver\1.9.24\aspectjweaver-1.9.24.jar;C:\Users\Exo\.m2\repository\org\springframework\boot\spring-boot-starter-web\3.5.4\spring-boot-starter-web-3.5.4.jar;C:\Users\Exo\.m2\repository\org\springframework\boot\spring-boot-starter-json\3.5.4\spring-boot-starter-json-3.5.4.jar;C:\Users\Exo\.m2\repository\com\fasterxml\jackson\datatype\jackson-datatype-jdk8\2.19.2\jackson-datatype-jdk8-2.19.2.jar;C:\Users\Exo\.m2\repository\com\fasterxml\jackson\datatype\jackson-datatype-jsr310\2.19.2\jackson-datatype-jsr310-2.19.2.jar;C:\Users\Exo\.m2\repository\com\fasterxml\jackson\module\jackson-module-parameter-names\2.19.2\jackson-module-parameter-names-2.19.2.jar;C:\Users\Exo\.m2\repository\org\springframework\boot\spring-boot-starter-tomcat\3.5.4\spring-boot-starter-tomcat-3.5.4.jar;C:\Users\Exo\.m2\repository\org\apache\tomcat\embed\tomcat-embed-core\10.1.43\tomcat-embed-core-10.1.43.jar;C:\Users\Exo\.m2\repository\org\apache\tomcat\embed\tomcat-embed-el\10.1.43\tomcat-embed-el-10.1.43.jar;C:\Users\Exo\.m2\repository\org\apache\tomcat\embed\tomcat-embed-websocket\10.1.43\tomcat-embed-websocket-10.1.43.jar;C:\Users\Exo\.m2\repository\org\springframework\spring-web\6.2.9\spring-web-6.2.9.jar;C:\Users\Exo\.m2\repository\io\micrometer\micrometer-observation\1.15.2\micrometer-observation-1.15.2.jar;C:\Users\Exo\.m2\repository\io\micrometer\micrometer-commons\1.15.2\micrometer-commons-1.15.2.jar;C:\Users\Exo\.m2\repository\org\springframework\spring-webmvc\6.2.9\spring-webmvc-6.2.9.jar;C:\Users\Exo\.m2\repository\org\springframework\spring-expression\6.2.9\spring-expression-6.2.9.jar;C:\Users\Exo\.m2\repository\com\h2database\h2\2.3.232\h2-2.3.232.jar;C:\Users\Exo\.m2\repository\jakarta\xml\bind\jakarta.xml.bind-api\4.0.2\jakarta.xml.bind-api-4.0.2.jar;C:\Users\Exo\.m2\repository\jakarta\activation\jakarta.activation-api\2.1.3\jakarta.activation-api-2.1.3.jar;C:\Users\Exo\.m2\repository\org\springframework\spring-core\6.2.9\spring-core-6.2.9.jar;C:\Users\Exo\.m2\repository\org\springframework\spring-jcl\6.2.9\spring-jcl-6.2.9.jar;C:\Users\Exo\.m2\repository\org\springframework\security\spring-security-crypto\6.5.2\spring-security-crypto-6.5.2.jar;C:\Users\Exo\.m2\repository\org\springframework\boot\spring-boot-starter-security\3.5.4\spring-boot-starter-security-3.5.4.jar;C:\Users\Exo\.m2\repository\org\springframework\spring-aop\6.2.9\spring-aop-6.2.9.jar;C:\Users\Exo\.m2\repository\org\springframework\security\spring-security-config\6.5.2\spring-security-config-6.5.2.jar;C:\Users\Exo\.m2\repository\org\springframework\security\spring-security-core\6.5.2\spring-security-core-6.5.2.jar;C:\Users\Exo\.m2\repository\org\springframework\security\spring-security-web\6.5.2\spring-security-web-6.5.2.jar;C:\Users\Exo\.m2\repository\io\jsonwebtoken\jjwt-api\0.11.5\jjwt-api-0.11.5.jar;C:\Users\Exo\.m2\repository\io\jsonwebtoken\jjwt-impl\0.11.5\jjwt-impl-0.11.5.jar;C:\Users\Exo\.m2\repository\io\jsonwebtoken\jjwt-jackson\0.11.5\jjwt-jackson-0.11.5.jar;C:\Users\Exo\.m2\repository\com\fasterxml\jackson\core\jackson-databind\2.19.2\jackson-databind-2.19.2.jar;C:\Users\Exo\.m2\repository\com\fasterxml\jackson\core\jackson-annotations\2.19.2\jackson-annotations-2.19.2.jar;C:\Users\Exo\.m2\repository\com\fasterxml\jackson\core\jackson-core\2.19.2\jackson-core-2.19.2.jar
Launcher Type: SUN_STANDARD

[Global flags]
     intx CICompilerCount                          = 2                                         {product} {ergonomic}
     uint ConcGCThreads                            = 1                                         {product} {ergonomic}
     uint G1ConcRefinementThreads                  = 2                                         {product} {ergonomic}
   size_t G1HeapRegionSize                         = 1048576                                   {product} {ergonomic}
    uintx GCDrainStackTargetSize                   = 64                                        {product} {ergonomic}
   size_t InitialHeapSize                          = 134217728                                 {product} {ergonomic}
   size_t MarkStackSize                            = 4194304                                   {product} {ergonomic}
   size_t MaxHeapSize                              = 2118123520                                {product} {ergonomic}
   size_t MaxNewSize                               = 1270874112                                {product} {ergonomic}
   size_t MinHeapDeltaBytes                        = 1048576                                   {product} {ergonomic}
   size_t MinHeapSize                              = 8388608                                   {product} {ergonomic}
    uintx NonNMethodCodeHeapSize                   = 5826188                                {pd product} {ergonomic}
    uintx NonProfiledCodeHeapSize                  = 122916026                              {pd product} {ergonomic}
    uintx ProfiledCodeHeapSize                     = 122916026                              {pd product} {ergonomic}
    uintx ReservedCodeCacheSize                    = 251658240                              {pd product} {ergonomic}
     bool SegmentedCodeCache                       = true                                      {product} {ergonomic}
   size_t SoftMaxHeapSize                          = 2118123520                             {manageable} {ergonomic}
     bool UseCompressedOops                        = true                           {product lp64_product} {ergonomic}
     bool UseG1GC                                  = true                                      {product} {ergonomic}
     bool UseLargePagesIndividualAllocation        = false                                  {pd product} {ergonomic}

Logging:
Log output configuration:
 #0: stdout all=warning uptime,level,tags foldmultilines=false
 #1: stderr all=off uptime,level,tags foldmultilines=false

Environment Variables:
JAVA_HOME=C:\Program Files\Java\jdk-21
PATH=C:\terraforminstall;C:\Program Files\Common Files\Oracle\Java\javapath;C:\Python312\Scripts\;C:\Python312\;C:\Windows\system32;C:\Windows;C:\Windows\System32\Wbem;C:\Windows\System32\WindowsPowerShell\v1.0\;C:\Windows\System32\OpenSSH\;C:\ProgramData\chocolatey\bin;C:\Program Files\Git\cmd;C:\Program Files\nodejs\;C:\Program Files\Amazon\AWSCLIV2\;C:\Users\Exo\AppData\Local\Microsoft\WindowsApps;;C:\Users\Exo\AppData\Local\Programs\Microsoft VS Code\bin;C:\Users\Exo\AppData\Roaming\npm;C:\Program Files\JetBrains\IntelliJ IDEA Community Edition 2024.2.3\bin;
USERNAME=Exo
OS=Windows_NT
PROCESSOR_IDENTIFIER=Intel64 Family 6 Model 55 Stepping 8, GenuineIntel
TMP=C:\Users\Exo\AppData\Local\Temp
TEMP=C:\Users\Exo\AppData\Local\Temp




Periodic native trim disabled

---------------  S Y S T E M  ---------------

OS:
 Windows 11 , 64 bit Build 22000 (10.0.22000.708)
OS uptime: 0 days 5:51 hours

CPU: total 2 (initial active 2) (2 cores per cpu, 1 threads per core) family 6 model 55 stepping 8 microcode 0x838, cx8, cmov, fxsr, mmx, 3dnowpref, sse, sse2, sse3, ssse3, sse4.1, sse4.2, popcnt, tsc, tscinvbit, erms, clmul, clflush, rdtscp
Processor Information for all 2 processors :
  Max Mhz: 2159, Current Mhz: 2159, Mhz Limit: 2159

Memory: 4k page, system-wide physical 8073M (1275M free)
TotalPageFile size 11931M (AvailPageFile size 4M)
current process WorkingSet (physical memory assigned to process): 237M, peak: 283M
current process commit charge ("private bytes"): 313M, peak: 319M

vm_info: Java HotSpot(TM) 64-Bit Server VM (21.0.4+8-LTS-274) for windows-amd64 JRE (21.0.4+8-LTS-274), built on 2024-06-05T05:23:33Z by "mach5one" with MS VC++ 17.6 (VS2022)

END.
